<?xml version="1.0" encoding="UTF-8"?>
<robot generator="Robot 6.0.2 (Python 3.10.10 on win32)" generated="20230305 11:04:43.003" rpa="false" schemaversion="3">
<suite id="s1" name="Wikipedia 7" source="C:\Users\Admin\IT\WSB\Tester\GR3\T7\12\wikipedia_7.robot">
<test id="s1-t1" name="Verify Section" line="19">
<kw name="Start Video Recording" library="ScreenCapLibrary" type="SETUP">
<doc>Starts the recording of a video in the background with the specified ``name``.
The recording can be stopped by calling the `Stop Video Recording` keyword.</doc>
<msg timestamp="20230305 11:04:45.783" level="INFO">Automatically setting a fps of 6.0</msg>
<status status="PASS" starttime="20230305 11:04:43.493" endtime="20230305 11:04:45.783"/>
</kw>
<kw name="Open Browser" library="SeleniumLibrary">
<arg>https://en.wikipedia.org/wiki/Robot_Framework</arg>
<arg>chrome</arg>
<doc>Opens a new browser instance to the optional ``url``.</doc>
<msg timestamp="20230305 11:04:45.790" level="INFO">Opening browser 'chrome' to base url 'https://en.wikipedia.org/wiki/Robot_Framework'.</msg>
<status status="PASS" starttime="20230305 11:04:45.789" endtime="20230305 11:04:49.806"/>
</kw>
<kw name="Verify Section Header">
<kw name="Get Text" library="SeleniumLibrary">
<var>${sekcja_aktualna}</var>
<arg>xpath=//*[@id="${sekcja}"]</arg>
<doc>Returns the text value of the element identified by ``locator``.</doc>
<msg timestamp="20230305 11:04:50.007" level="INFO">${sekcja_aktualna} = History</msg>
<status status="PASS" starttime="20230305 11:04:49.808" endtime="20230305 11:04:50.007"/>
</kw>
<kw name="Should Be Equal As Strings" library="BuiltIn">
<arg>${sekcja_aktualna}</arg>
<arg>${sekcja}</arg>
<doc>Fails if objects are unequal after converting them to strings.</doc>
<status status="PASS" starttime="20230305 11:04:50.008" endtime="20230305 11:04:50.008"/>
</kw>
<status status="PASS" starttime="20230305 11:04:49.807" endtime="20230305 11:04:50.009"/>
</kw>
<kw name="Close Browser" library="SeleniumLibrary">
<doc>Closes the current browser.</doc>
<status status="PASS" starttime="20230305 11:04:50.010" endtime="20230305 11:04:52.943"/>
</kw>
<kw name="Stop Video Recording" library="ScreenCapLibrary" type="TEARDOWN">
<doc>Stops the video recording corresponding to the given ``alias`` and generates the file in WebM format. If no
``alias`` is specified, the last opened recording will be closed. If there are more recordings with the same
alias all of them will be closed. If ``embed`` argument was set to
``True`` the video will be displayed in the log file.
Furthermore, if the ``save_to_disk`` parameter is set to ``False``, the video will be embedded and available in
the log file only.</doc>
<msg timestamp="20230305 11:04:52.998" level="INFO" html="true">&lt;a href="recording_1.webm"&gt;&lt;video width="800px" autoplay&gt;&lt;source src="recording_1.webm" type="video/webm"&gt;&lt;/video&gt;&lt;/a&gt;</msg>
<status status="PASS" starttime="20230305 11:04:52.944" endtime="20230305 11:04:52.998"/>
</kw>
<status status="PASS" starttime="20230305 11:04:43.492" endtime="20230305 11:04:52.998"/>
</test>
<kw name="Close All Browsers" library="SeleniumLibrary" type="TEARDOWN">
<doc>Closes all open browsers and resets the browser cache.</doc>
<status status="PASS" starttime="20230305 11:04:53.001" endtime="20230305 11:04:53.001"/>
</kw>
<status status="PASS" starttime="20230305 11:04:43.007" endtime="20230305 11:04:53.001"/>
</suite>
<statistics>
<total>
<stat pass="1" fail="0" skip="0">All Tests</stat>
</total>
<tag>
</tag>
<suite>
<stat pass="1" fail="0" skip="0" id="s1" name="Wikipedia 7">Wikipedia 7</stat>
</suite>
</statistics>
<errors>
</errors>
</robot>
