<?xml version="1.0" encoding="UTF-8"?>
<robot generator="Robot 6.0.2 (Python 3.10.10 on win32)" generated="20230304 13:19:18.235" rpa="false" schemaversion="3">
<suite id="s1" name="Wikipedia 1" source="C:\Users\Admin\IT\WSB\Tester\GR3\T7\3\wikipedia_1.robot">
<test id="s1-t1" name="Verify Python Link" line="11">
<kw name="Start Video Recording" library="ScreenCapLibrary" type="SETUP">
<doc>Starts the recording of a video in the background with the specified ``name``.
The recording can be stopped by calling the `Stop Video Recording` keyword.</doc>
<msg timestamp="20230304 13:19:21.076" level="INFO">Automatically setting a fps of 7.5</msg>
<status status="PASS" starttime="20230304 13:19:18.914" endtime="20230304 13:19:21.078"/>
</kw>
<kw name="Open Browser" library="SeleniumLibrary">
<arg>https://en.wikipedia.org/wiki/Robot_Framework</arg>
<arg>chrome</arg>
<doc>Opens a new browser instance to the optional ``url``.</doc>
<msg timestamp="20230304 13:19:21.084" level="INFO">Opening browser 'chrome' to base url 'https://en.wikipedia.org/wiki/Robot_Framework'.</msg>
<status status="PASS" starttime="20230304 13:19:21.084" endtime="20230304 13:19:26.404"/>
</kw>
<kw name="Element Should Be Visible" library="SeleniumLibrary">
<arg>link=Python1</arg>
<doc>Verifies that the element identified by ``locator`` is visible.</doc>
<msg timestamp="20230304 13:19:26.920" level="INFO" html="true">&lt;/td&gt;&lt;/tr&gt;&lt;tr&gt;&lt;td colspan="3"&gt;&lt;a href="selenium-screenshot-1.png"&gt;&lt;img src="selenium-screenshot-1.png" width="800px"&gt;&lt;/a&gt;</msg>
<msg timestamp="20230304 13:19:26.921" level="FAIL">Element with locator 'link=Python1' not found.</msg>
<status status="FAIL" starttime="20230304 13:19:26.410" endtime="20230304 13:19:26.926"/>
</kw>
<kw name="Close Browser" library="SeleniumLibrary">
<doc>Closes the current browser.</doc>
<status status="NOT RUN" starttime="20230304 13:19:26.930" endtime="20230304 13:19:26.930"/>
</kw>
<kw name="Stop Video Recording" library="ScreenCapLibrary" type="TEARDOWN">
<doc>Stops the video recording corresponding to the given ``alias`` and generates the file in WebM format. If no
``alias`` is specified, the last opened recording will be closed. If there are more recordings with the same
alias all of them will be closed. If ``embed`` argument was set to
``True`` the video will be displayed in the log file.
Furthermore, if the ``save_to_disk`` parameter is set to ``False``, the video will be embedded and available in
the log file only.</doc>
<msg timestamp="20230304 13:19:27.086" level="INFO" html="true">&lt;a href="recording_2.webm"&gt;&lt;video width="800px" autoplay&gt;&lt;source src="recording_2.webm" type="video/webm"&gt;&lt;/video&gt;&lt;/a&gt;</msg>
<status status="PASS" starttime="20230304 13:19:26.933" endtime="20230304 13:19:27.087"/>
</kw>
<status status="FAIL" starttime="20230304 13:19:18.913" endtime="20230304 13:19:27.088">Element with locator 'link=Python1' not found.</status>
</test>
<kw name="Close All Browsers" library="SeleniumLibrary" type="TEARDOWN">
<doc>Closes all open browsers and resets the browser cache.</doc>
<status status="PASS" starttime="20230304 13:19:27.091" endtime="20230304 13:19:34.004"/>
</kw>
<status status="FAIL" starttime="20230304 13:19:18.239" endtime="20230304 13:19:34.004"/>
</suite>
<statistics>
<total>
<stat pass="0" fail="1" skip="0">All Tests</stat>
</total>
<tag>
</tag>
<suite>
<stat pass="0" fail="1" skip="0" id="s1" name="Wikipedia 1">Wikipedia 1</stat>
</suite>
</statistics>
<errors>
</errors>
</robot>
