<?xml version="1.0" encoding="UTF-8"?>
<robot generator="Robot 6.0.2 (Python 3.10.10 on win32)" generated="20230305 10:51:28.283" rpa="false" schemaversion="3">
<suite id="s1" name="Wikipedia 6" source="C:\Users\Admin\IT\WSB\Tester\GR3\T7\11\wikipedia_6.robot">
<test id="s1-t1" name="Verify Page Title" line="19">
<kw name="Start Video Recording" library="ScreenCapLibrary" type="SETUP">
<doc>Starts the recording of a video in the background with the specified ``name``.
The recording can be stopped by calling the `Stop Video Recording` keyword.</doc>
<msg timestamp="20230305 10:51:31.371" level="INFO">Automatically setting a fps of 7.5</msg>
<status status="PASS" starttime="20230305 10:51:29.120" endtime="20230305 10:51:31.373"/>
</kw>
<kw name="Open Browser" library="SeleniumLibrary">
<arg>https://en.wikipedia.org/wiki/Robot_Framework</arg>
<arg>chrome</arg>
<doc>Opens a new browser instance to the optional ``url``.</doc>
<msg timestamp="20230305 10:51:31.379" level="INFO">Opening browser 'chrome' to base url 'https://en.wikipedia.org/wiki/Robot_Framework'.</msg>
<status status="PASS" starttime="20230305 10:51:31.378" endtime="20230305 10:51:35.505"/>
</kw>
<kw name="Check Page Title">
<kw name="Get Title" library="SeleniumLibrary">
<var>${tytul_strony_aktualny}</var>
<doc>Returns the title of the current page.</doc>
<msg timestamp="20230305 10:51:35.576" level="INFO">${tytul_strony_aktualny} = Robot Framework - Wikipedia</msg>
<status status="PASS" starttime="20230305 10:51:35.506" endtime="20230305 10:51:35.576"/>
</kw>
<kw name="Should Be Equal As Strings" library="BuiltIn">
<arg>${tytul_strony_aktualny}</arg>
<arg>${tytul_strony}</arg>
<doc>Fails if objects are unequal after converting them to strings.</doc>
<status status="PASS" starttime="20230305 10:51:35.576" endtime="20230305 10:51:35.576"/>
</kw>
<status status="PASS" starttime="20230305 10:51:35.505" endtime="20230305 10:51:35.576"/>
</kw>
<kw name="Close Browser" library="SeleniumLibrary">
<doc>Closes the current browser.</doc>
<status status="PASS" starttime="20230305 10:51:35.577" endtime="20230305 10:51:38.159"/>
</kw>
<kw name="Stop Video Recording" library="ScreenCapLibrary" type="TEARDOWN">
<doc>Stops the video recording corresponding to the given ``alias`` and generates the file in WebM format. If no
``alias`` is specified, the last opened recording will be closed. If there are more recordings with the same
alias all of them will be closed. If ``embed`` argument was set to
``True`` the video will be displayed in the log file.
Furthermore, if the ``save_to_disk`` parameter is set to ``False``, the video will be embedded and available in
the log file only.</doc>
<msg timestamp="20230305 10:51:38.247" level="INFO" html="true">&lt;a href="recording_1.webm"&gt;&lt;video width="800px" autoplay&gt;&lt;source src="recording_1.webm" type="video/webm"&gt;&lt;/video&gt;&lt;/a&gt;</msg>
<status status="PASS" starttime="20230305 10:51:38.161" endtime="20230305 10:51:38.247"/>
</kw>
<status status="PASS" starttime="20230305 10:51:29.118" endtime="20230305 10:51:38.247"/>
</test>
<kw name="Close All Browsers" library="SeleniumLibrary" type="TEARDOWN">
<doc>Closes all open browsers and resets the browser cache.</doc>
<status status="PASS" starttime="20230305 10:51:38.248" endtime="20230305 10:51:38.249"/>
</kw>
<status status="PASS" starttime="20230305 10:51:28.285" endtime="20230305 10:51:38.249"/>
</suite>
<statistics>
<total>
<stat pass="1" fail="0" skip="0">All Tests</stat>
</total>
<tag>
</tag>
<suite>
<stat pass="1" fail="0" skip="0" id="s1" name="Wikipedia 6">Wikipedia 6</stat>
</suite>
</statistics>
<errors>
</errors>
</robot>
