<?xml version="1.0" encoding="UTF-8"?>
<robot generator="Robot 6.0.2 (Python 3.10.10 on win32)" generated="20230305 13:14:08.092" rpa="false" schemaversion="3">
<suite id="s1" name="Wikipedia 8" source="C:\Users\Admin\IT\WSB\Tester\GR3\T7\14\wikipedia_8.robot">
<test id="s1-t1" name="Verify Link" line="28">
<kw name="Start Video Recording" library="ScreenCapLibrary" type="SETUP">
<doc>Starts the recording of a video in the background with the specified ``name``.
The recording can be stopped by calling the `Stop Video Recording` keyword.</doc>
<msg timestamp="20230305 13:14:10.815" level="INFO">Automatically setting a fps of 7.5</msg>
<status status="PASS" starttime="20230305 13:14:08.603" endtime="20230305 13:14:10.817"/>
</kw>
<kw name="Open Browser" library="SeleniumLibrary">
<arg>https://en.wikipedia.org/wiki/Robot_Framework</arg>
<arg>chrome</arg>
<doc>Opens a new browser instance to the optional ``url``.</doc>
<msg timestamp="20230305 13:14:10.823" level="INFO">Opening browser 'chrome' to base url 'https://en.wikipedia.org/wiki/Robot_Framework'.</msg>
<status status="PASS" starttime="20230305 13:14:10.822" endtime="20230305 13:14:14.338"/>
</kw>
<kw name="Verify Link and Go Main Page">
<kw name="Run Keyword And Return Status" library="BuiltIn">
<var>${has_link}</var>
<arg>Page Should Contain Element</arg>
<arg>link=${link}</arg>
<doc>Runs the given keyword with given arguments and returns the status as a Boolean value.</doc>
<kw name="Page Should Contain Element" library="SeleniumLibrary">
<arg>link=${link}</arg>
<doc>Verifies that element ``locator`` is found on the current page.</doc>
<msg timestamp="20230305 13:14:14.562" level="INFO">Current page contains element 'link=Nokia Networks'.</msg>
<status status="PASS" starttime="20230305 13:14:14.340" endtime="20230305 13:14:14.562"/>
</kw>
<msg timestamp="20230305 13:14:14.562" level="INFO">${has_link} = True</msg>
<status status="PASS" starttime="20230305 13:14:14.339" endtime="20230305 13:14:14.562"/>
</kw>
<kw name="Run Keyword If" library="BuiltIn">
<arg>${has_link}</arg>
<arg>Log</arg>
<arg>Link Found: ${link}</arg>
<arg>ELSE</arg>
<arg>Go To</arg>
<arg>https://en.wikipedia.org/wiki/Main_Page</arg>
<doc>Runs the given keyword with the given arguments, if ``condition`` is true.</doc>
<kw name="Log" library="BuiltIn">
<arg>Link Found: ${link}</arg>
<doc>Logs the given message with the given level.</doc>
<msg timestamp="20230305 13:14:14.565" level="INFO">Link Found: Nokia Networks</msg>
<status status="PASS" starttime="20230305 13:14:14.565" endtime="20230305 13:14:14.565"/>
</kw>
<status status="PASS" starttime="20230305 13:14:14.563" endtime="20230305 13:14:14.565"/>
</kw>
<status status="PASS" starttime="20230305 13:14:14.339" endtime="20230305 13:14:14.566"/>
</kw>
<kw name="Close Browser" library="SeleniumLibrary">
<doc>Closes the current browser.</doc>
<status status="PASS" starttime="20230305 13:14:14.568" endtime="20230305 13:14:17.266"/>
</kw>
<kw name="Stop Video Recording" library="ScreenCapLibrary" type="TEARDOWN">
<doc>Stops the video recording corresponding to the given ``alias`` and generates the file in WebM format. If no
``alias`` is specified, the last opened recording will be closed. If there are more recordings with the same
alias all of them will be closed. If ``embed`` argument was set to
``True`` the video will be displayed in the log file.
Furthermore, if the ``save_to_disk`` parameter is set to ``False``, the video will be embedded and available in
the log file only.</doc>
<msg timestamp="20230305 13:14:17.375" level="INFO" html="true">&lt;a href="recording_3.webm"&gt;&lt;video width="800px" autoplay&gt;&lt;source src="recording_3.webm" type="video/webm"&gt;&lt;/video&gt;&lt;/a&gt;</msg>
<status status="PASS" starttime="20230305 13:14:17.268" endtime="20230305 13:14:17.375"/>
</kw>
<status status="PASS" starttime="20230305 13:14:08.602" endtime="20230305 13:14:17.376"/>
</test>
<kw name="Close All Browsers" library="SeleniumLibrary" type="TEARDOWN">
<doc>Closes all open browsers and resets the browser cache.</doc>
<status status="PASS" starttime="20230305 13:14:17.378" endtime="20230305 13:14:17.378"/>
</kw>
<status status="PASS" starttime="20230305 13:14:08.095" endtime="20230305 13:14:17.378"/>
</suite>
<statistics>
<total>
<stat pass="1" fail="0" skip="0">All Tests</stat>
</total>
<tag>
</tag>
<suite>
<stat pass="1" fail="0" skip="0" id="s1" name="Wikipedia 8">Wikipedia 8</stat>
</suite>
</statistics>
<errors>
</errors>
</robot>
